[    0.000000] Linux version 4.15.0-70-generic (buildd@lgw01-amd64-055) (gcc version 7.4.0 (Ubuntu 7.4.0-1ubuntu1~18.04.1)) #79-Ubuntu SMP Tue Nov 12 10:36:11 UTC 2019 (Ubuntu 4.15.0-70.79-generic 4.15.18)
[    0.000000] Command line: BOOT_IMAGE=/boot/vmlinuz-4.15.0-70-generic root=LABEL=cloudimg-rootfs ro console=tty1 console=ttyS0
[    0.000000] KERNEL supported cpus:
[    0.000000]   Intel GenuineIntel
[    0.000000]   AMD AuthenticAMD
[    0.000000]   Centaur CentaurHauls
[    0.000000] x86/fpu: Supporting XSAVE feature 0x001: 'x87 floating point registers'
[    0.000000] x86/fpu: Supporting XSAVE feature 0x002: 'SSE registers'
[    0.000000] x86/fpu: Supporting XSAVE feature 0x004: 'AVX registers'
[    0.000000] x86/fpu: xstate_offset[2]:  576, xstate_sizes[2]:  256
[    0.000000] x86/fpu: Enabled xstate features 0x7, context size is 832 bytes, using 'standard' format.
[    0.000000] e820: BIOS-provided physical RAM map:
[    0.000000] BIOS-e820: [mem 0x0000000000000000-0x000000000009fbff] usable
[    0.000000] BIOS-e820: [mem 0x000000000009fc00-0x000000000009ffff] reserved
[    0.000000] BIOS-e820: [mem 0x00000000000f0000-0x00000000000fffff] reserved
[    0.000000] BIOS-e820: [mem 0x0000000000100000-0x000000003ffeffff] usable
[    0.000000] BIOS-e820: [mem 0x000000003fff0000-0x000000003fffffff] ACPI data
[    0.000000] BIOS-e820: [mem 0x00000000fec00000-0x00000000fec00fff] reserved
[    0.000000] BIOS-e820: [mem 0x00000000fee00000-0x00000000fee00fff] reserved
[    0.000000] BIOS-e820: [mem 0x00000000fffc0000-0x00000000ffffffff] reserved
[    0.000000] NX (Execute Disable) protection: active
[    0.000000] SMBIOS 2.5 present.
[    0.000000] DMI: innotek GmbH VirtualBox/VirtualBox, BIOS VirtualBox 12/01/2006
[    0.000000] Hypervisor detected: KVM
[    0.000000] e820: last_pfn = 0x3fff0 max_arch_pfn = 0x400000000
[    0.000000] MTRR: Disabled
[    0.000000] x86/PAT: MTRRs disabled, skipping PAT initialization too.
[    0.000000] CPU MTRRs all blank - virtualized system.
[    0.000000] x86/PAT: Configuration [0-7]: WB  WT  UC- UC  WB  WT  UC- UC  
[    0.000000] found SMP MP-table at [mem 0x0009fff0-0x0009ffff]
[    0.000000] Scanning 1 areas for low memory corruption
[    0.000000] RAMDISK: [mem 0x35977000-0x36cb2fff]
[    0.000000] ACPI: Early table checksum verification disabled
[    0.000000] ACPI: RSDP 0x00000000000E0000 000024 (v02 VBOX  )
[    0.000000] ACPI: XSDT 0x000000003FFF0030 00003C (v01 VBOX   VBOXXSDT 00000001 ASL  00000061)
[    0.000000] ACPI: FACP 0x000000003FFF00F0 0000F4 (v04 VBOX   VBOXFACP 00000001 ASL  00000061)
[    0.000000] ACPI: DSDT 0x000000003FFF0470 0022EA (v02 VBOX   VBOXBIOS 00000002 INTL 20100528)
[    0.000000] ACPI: FACS 0x000000003FFF0200 000040
[    0.000000] ACPI: FACS 0x000000003FFF0200 000040
[    0.000000] ACPI: APIC 0x000000003FFF0240 00005C (v02 VBOX   VBOXAPIC 00000001 ASL  00000061)
[    0.000000] ACPI: SSDT 0x000000003FFF02A0 0001CC (v01 VBOX   VBOXCPUT 00000002 INTL 20100528)
[    0.000000] No NUMA configuration found
[    0.000000] Faking a node at [mem 0x0000000000000000-0x000000003ffeffff]
[    0.000000] NODE_DATA(0) allocated [mem 0x3ffc5000-0x3ffeffff]
[    0.000000] kvm-clock: cpu 0, msr 0:3ff44001, primary cpu clock
[    0.000000] kvm-clock: Using msrs 4b564d01 and 4b564d00
[    0.000000] kvm-clock: using sched offset of 5373434166 cycles
[    0.000000] clocksource: kvm-clock: mask: 0xffffffffffffffff max_cycles: 0x1cd42e4dffb, max_idle_ns: 881590591483 ns
[    0.000000] Zone ranges:
[    0.000000]   DMA      [mem 0x0000000000001000-0x0000000000ffffff]
[    0.000000]   DMA32    [mem 0x0000000001000000-0x000000003ffeffff]
[    0.000000]   Normal   empty
[    0.000000]   Device   empty
[    0.000000] Movable zone start for each node
[    0.000000] Early memory node ranges
[    0.000000]   node   0: [mem 0x0000000000001000-0x000000000009efff]
[    0.000000]   node   0: [mem 0x0000000000100000-0x000000003ffeffff]
[    0.000000] Reserved but unavailable: 98 pages
[    0.000000] Initmem setup node 0 [mem 0x0000000000001000-0x000000003ffeffff]
[    0.000000] ACPI: PM-Timer IO Port: 0x4008
[    0.000000] IOAPIC[0]: apic_id 2, version 32, address 0xfec00000, GSI 0-23
[    0.000000] ACPI: INT_SRC_OVR (bus 0 bus_irq 0 global_irq 2 dfl dfl)
[    0.000000] ACPI: INT_SRC_OVR (bus 0 bus_irq 9 global_irq 9 low level)
[    0.000000] Using ACPI (MADT) for SMP configuration information
[    0.000000] smpboot: Allowing 2 CPUs, 0 hotplug CPUs
[    0.000000] PM: Registered nosave memory: [mem 0x00000000-0x00000fff]
[    0.000000] PM: Registered nosave memory: [mem 0x0009f000-0x0009ffff]
[    0.000000] PM: Registered nosave memory: [mem 0x000a0000-0x000effff]
[    0.000000] PM: Registered nosave memory: [mem 0x000f0000-0x000fffff]
[    0.000000] e820: [mem 0x40000000-0xfebfffff] available for PCI devices
[    0.000000] Booting paravirtualized kernel on KVM
[    0.000000] clocksource: refined-jiffies: mask: 0xffffffff max_cycles: 0xffffffff, max_idle_ns: 7645519600211568 ns
[    0.000000] random: get_random_bytes called from start_kernel+0x99/0x4fd with crng_init=0
[    0.000000] setup_percpu: NR_CPUS:8192 nr_cpumask_bits:2 nr_cpu_ids:2 nr_node_ids:1
[    0.000000] percpu: Embedded 45 pages/cpu s147456 r8192 d28672 u1048576
[    0.000000] PV qspinlock hash table entries: 256 (order: 0, 4096 bytes)
[    0.000000] Built 1 zonelists, mobility grouping on.  Total pages: 257913
[    0.000000] Policy zone: DMA32
[    0.000000] Kernel command line: BOOT_IMAGE=/boot/vmlinuz-4.15.0-70-generic root=LABEL=cloudimg-rootfs ro console=tty1 console=ttyS0
[    0.000000] Memory: 982892K/1048120K available (12300K kernel code, 2481K rwdata, 4264K rodata, 2432K init, 2388K bss, 65228K reserved, 0K cma-reserved)
[    0.000000] SLUB: HWalign=64, Order=0-3, MinObjects=0, CPUs=2, Nodes=1
[    0.000000] Kernel/User page tables isolation: enabled
[    0.000000] ftrace: allocating 39315 entries in 154 pages
[    0.004000] Hierarchical RCU implementation.
[    0.004000] 	RCU restricting CPUs from NR_CPUS=8192 to nr_cpu_ids=2.
[    0.004000] 	Tasks RCU enabled.
[    0.004000] RCU: Adjusting geometry for rcu_fanout_leaf=16, nr_cpu_ids=2
[    0.004000] NR_IRQS: 524544, nr_irqs: 440, preallocated irqs: 16
[    0.004000] Console: colour VGA+ 80x25
[    0.004000] console [tty1] enabled
[    0.004000] console [ttyS0] enabled
[    0.004000] ACPI: Core revision 20170831
[    0.004000] ACPI: 2 ACPI AML tables successfully acquired and loaded
[    0.004000] APIC: Switch to symmetric I/O mode setup
[    0.004000] x2apic enabled
[    0.004000] Switched APIC routing to physical x2apic.
[    0.006121] ..TIMER: vector=0x30 apic1=0 pin1=2 apic2=-1 pin2=-1
[    0.008002] tsc: Detected 2903.996 MHz processor
[    0.009595] Calibrating delay loop (skipped) preset value.. 5807.99 BogoMIPS (lpj=11615984)
[    0.012003] pid_max: default: 32768 minimum: 301
[    0.013443] Security Framework initialized
[    0.014720] Yama: becoming mindful.
[    0.016027] AppArmor: AppArmor initialized
[    0.020000] Dentry cache hash table entries: 131072 (order: 8, 1048576 bytes)
[    0.020082] Inode-cache hash table entries: 65536 (order: 7, 524288 bytes)
[    0.024018] Mount-cache hash table entries: 2048 (order: 2, 16384 bytes)
[    0.026070] Mountpoint-cache hash table entries: 2048 (order: 2, 16384 bytes)
[    0.028365] Last level iTLB entries: 4KB 64, 2MB 8, 4MB 8
[    0.030098] Last level dTLB entries: 4KB 64, 2MB 0, 4MB 0, 1GB 4
[    0.032003] Spectre V1 : Mitigation: usercopy/swapgs barriers and __user pointer sanitization
[    0.034558] Spectre V2 : Mitigation: Full generic retpoline
[    0.036002] Spectre V2 : Spectre v2 / SpectreRSB mitigation: Filling RSB on context switch
[    0.040003] Speculative Store Bypass: Vulnerable
[    0.041523] MDS: Vulnerable: Clear CPU buffers attempted, no microcode
[    0.043729] Freeing SMP alternatives memory: 36K
[    0.156203] smpboot: CPU0: Intel(R) Core(TM) i7-7500U CPU @ 2.70GHz (family: 0x6, model: 0x8e, stepping: 0x9)
[    0.160181] Performance Events: unsupported p6 CPU model 142 no PMU driver, software events only.
[    0.164060] Hierarchical SRCU implementation.
[    0.168038] NMI watchdog: Perf event create on CPU 0 failed with -2
[    0.170832] NMI watchdog: Perf NMI watchdog permanently disabled
[    0.172092] smp: Bringing up secondary CPUs ...
[    0.176210] x86: Booting SMP configuration:
[    0.178499] .... node  #0, CPUs:      #1
[    0.004000] kvm-clock: cpu 1, msr 0:3ff44041, secondary cpu clock
[    0.188009] smp: Brought up 1 node, 2 CPUs
[    0.190143] smpboot: Max logical packages: 1
[    0.192000] smpboot: Total of 2 processors activated (11615.98 BogoMIPS)
[    0.192235] devtmpfs: initialized
[    0.196108] x86/mm: Memory block size: 128MB
[    0.198490] evm: security.selinux
[    0.200006] evm: security.SMACK64
[    0.201649] evm: security.SMACK64EXEC
[    0.204004] evm: security.SMACK64TRANSMUTE
[    0.205984] evm: security.SMACK64MMAP
[    0.208005] evm: security.apparmor
[    0.209725] evm: security.ima
[    0.212014] evm: security.capability
[    0.213819] clocksource: jiffies: mask: 0xffffffff max_cycles: 0xffffffff, max_idle_ns: 7645041785100000 ns
[    0.216017] futex hash table entries: 512 (order: 3, 32768 bytes)
[    0.224039] pinctrl core: initialized pinctrl subsystem
[    0.228238] RTC time: 23:56:18, date: 11/25/19
[    0.232311] NET: Registered protocol family 16
[    0.236240] audit: initializing netlink subsys (disabled)
[    0.238800] audit: type=2000 audit(1574726185.578:1): state=initialized audit_enabled=0 res=1
[    0.244013] cpuidle: using governor ladder
[    0.245983] cpuidle: using governor menu
[    0.248077] ACPI: bus type PCI registered
[    0.250041] acpiphp: ACPI Hot Plug PCI Controller Driver version: 0.5
[    0.252213] PCI: Using configuration type 1 for base access
[    0.260043] HugeTLB registered 2.00 MiB page size, pre-allocated 0 pages
[    0.264071] ACPI: Added _OSI(Module Device)
[    0.266191] ACPI: Added _OSI(Processor Device)
[    0.268000] ACPI: Added _OSI(3.0 _SCP Extensions)
[    0.268015] ACPI: Added _OSI(Processor Aggregator Device)
[    0.272018] ACPI: Added _OSI(Linux-Dell-Video)
[    0.274105] ACPI: Added _OSI(Linux-Lenovo-NV-HDMI-Audio)
[    0.276006] ACPI: Added _OSI(Linux-HPI-Hybrid-Graphics)
[    0.280701] ACPI: Executed 1 blocks of module-level executable AML code
[    0.292594] ACPI: Interpreter enabled
[    0.293729] ACPI: (supports S0 S5)
[    0.294833] ACPI: Using IOAPIC for interrupt routing
[    0.296376] PCI: Using host bridge windows from ACPI; if necessary, use "pci=nocrs" and report a bug
[    0.299193] ACPI: Enabled 2 GPEs in block 00 to 07
[    0.309710] ACPI: PCI Root Bridge [PCI0] (domain 0000 [bus 00-ff])
[    0.311407] acpi PNP0A03:00: _OSC: OS supports [ASPM ClockPM Segments MSI]
[    0.312826] acpi PNP0A03:00: _OSC: not requesting OS control; OS requires [ExtendedConfig ASPM ClockPM MSI]
[    0.316016] acpi PNP0A03:00: fail to add MMCONFIG information, can't access extended PCI configuration space under this bridge.
[    0.320514] PCI host bridge to bus 0000:00
[    0.321703] pci_bus 0000:00: root bus resource [io  0x0000-0x0cf7 window]
[    0.324006] pci_bus 0000:00: root bus resource [io  0x0d00-0xffff window]
[    0.325825] pci_bus 0000:00: root bus resource [mem 0x000a0000-0x000bffff window]
[    0.328004] pci_bus 0000:00: root bus resource [mem 0x40000000-0xfdffffff window]
[    0.330130] pci_bus 0000:00: root bus resource [bus 00-ff]
[    0.338693] pci 0000:00:01.1: legacy IDE quirk: reg 0x10: [io  0x01f0-0x01f7]
[    0.340003] pci 0000:00:01.1: legacy IDE quirk: reg 0x14: [io  0x03f6]
[    0.341773] pci 0000:00:01.1: legacy IDE quirk: reg 0x18: [io  0x0170-0x0177]
[    0.344003] pci 0000:00:01.1: legacy IDE quirk: reg 0x1c: [io  0x0376]
[    0.366499] pci 0000:00:07.0: quirk: [io  0x4000-0x403f] claimed by PIIX4 ACPI
[    0.368019] pci 0000:00:07.0: quirk: [io  0x4100-0x410f] claimed by PIIX4 SMB
[    0.377906] ACPI: PCI Interrupt Link [LNKA] (IRQs 5 9 10 *11)
[    0.380120] ACPI: PCI Interrupt Link [LNKB] (IRQs 5 9 *10 11)
[    0.381936] ACPI: PCI Interrupt Link [LNKC] (IRQs 5 *9 10 11)
[    0.384179] ACPI: PCI Interrupt Link [LNKD] (IRQs 5 9 10 *11)
[    0.386135] SCSI subsystem initialized
[    0.387434] pci 0000:00:02.0: vgaarb: setting as boot VGA device
[    0.387434] pci 0000:00:02.0: vgaarb: VGA device added: decodes=io+mem,owns=io+mem,locks=none
[    0.388011] pci 0000:00:02.0: vgaarb: bridge control possible
[    0.392003] vgaarb: loaded
[    0.392914] ACPI: bus type USB registered
[    0.394101] usbcore: registered new interface driver usbfs
[    0.396027] usbcore: registered new interface driver hub
[    0.397617] usbcore: registered new device driver usb
[    0.400056] EDAC MC: Ver: 3.0.0
[    0.401280] PCI: Using ACPI for IRQ routing
[    0.404308] NetLabel: Initializing
[    0.405353] NetLabel:  domain hash size = 128
[    0.406591] NetLabel:  protocols = UNLABELED CIPSOv4 CALIPSO
[    0.408000] NetLabel:  unlabeled traffic allowed by default
[    0.408083] clocksource: Switched to clocksource kvm-clock
[    0.440266] VFS: Disk quotas dquot_6.6.0
[    0.441508] VFS: Dquot-cache hash table entries: 512 (order 0, 4096 bytes)
[    0.443511] AppArmor: AppArmor Filesystem Enabled
[    0.444934] pnp: PnP ACPI init
[    0.447346] pnp: PnP ACPI: found 3 devices
[    0.460270] clocksource: acpi_pm: mask: 0xffffff max_cycles: 0xffffff, max_idle_ns: 2085701024 ns
[    0.462852] NET: Registered protocol family 2
[    0.464261] TCP established hash table entries: 8192 (order: 4, 65536 bytes)
[    0.466237] TCP bind hash table entries: 8192 (order: 5, 131072 bytes)
[    0.474405] TCP: Hash tables configured (established 8192 bind 8192)
[    0.476238] UDP hash table entries: 512 (order: 2, 16384 bytes)
[    0.478385] UDP-Lite hash table entries: 512 (order: 2, 16384 bytes)
[    0.480160] NET: Registered protocol family 1
[    0.481560] pci 0000:00:00.0: Limiting direct PCI/PCI transfers
[    0.483271] pci 0000:00:01.0: Activating ISA DMA hang workarounds
[    0.485301] pci 0000:00:02.0: Video device with shadowed ROM at [mem 0x000c0000-0x000dffff]
[    0.487742] Unpacking initramfs...
[    1.011275] Freeing initrd memory: 19696K
[    1.012353] clocksource: tsc: mask: 0xffffffffffffffff max_cycles: 0x29dc020bb13, max_idle_ns: 440795273180 ns
[    1.014382] platform rtc_cmos: registered platform RTC device (no PNP device found)
[    1.016024] Scanning for low memory corruption every 60 seconds
[    1.018093] Initialise system trusted keyrings
[    1.019090] Key type blacklist registered
[    1.020140] workingset: timestamp_bits=36 max_order=18 bucket_order=0
[    1.022436] zbud: loaded
[    1.023606] squashfs: version 4.0 (2009/01/31) Phillip Lougher
[    1.025079] fuse init (API version 7.26)
[    1.029100] Key type asymmetric registered
[    1.029869] Asymmetric key parser 'x509' registered
[    1.030805] Block layer SCSI generic (bsg) driver version 0.4 loaded (major 246)
[    1.032291] io scheduler noop registered
[    1.033040] io scheduler deadline registered
[    1.033853] io scheduler cfq registered (default)
[    1.035121] ACPI: AC Adapter [AC] (off-line)
[    1.035952] input: Power Button as /devices/LNXSYSTM:00/LNXPWRBN:00/input/input0
[    1.037420] ACPI: Power Button [PWRF]
[    1.038201] input: Sleep Button as /devices/LNXSYSTM:00/LNXSLPBN:00/input/input1
[    1.039558] ACPI: Sleep Button [SLPF]
[    1.041379] ACPI: Battery Slot [BAT0] (battery present)
[    1.042604] Serial: 8250/16550 driver, 32 ports, IRQ sharing enabled
[    1.064692] 00:02: ttyS0 at I/O 0x3f8 (irq = 4, base_baud = 115200) is a 16550A
[    1.070575] Linux agpgart interface v0.103
[    1.078516] loop: module loaded
[    1.080026] scsi host0: ata_piix
[    1.081020] scsi host1: ata_piix
[    1.081763] ata1: PATA max UDMA/33 cmd 0x1f0 ctl 0x3f6 bmdma 0xd000 irq 14
[    1.083768] ata2: PATA max UDMA/33 cmd 0x170 ctl 0x376 bmdma 0xd008 irq 15
[    1.086314] libphy: Fixed MDIO Bus: probed
[    1.087397] tun: Universal TUN/TAP device driver, 1.6
[    1.088964] PPP generic driver version 2.4.2
[    1.090336] ehci_hcd: USB 2.0 'Enhanced' Host Controller (EHCI) Driver
[    1.092259] ehci-pci: EHCI PCI platform driver
[    1.093499] ehci-platform: EHCI generic platform driver
[    1.095014] ohci_hcd: USB 1.1 'Open' Host Controller (OHCI) Driver
[    1.096841] ohci-pci: OHCI PCI platform driver
[    1.098294] ohci-platform: OHCI generic platform driver
[    1.099823] uhci_hcd: USB Universal Host Controller Interface driver
[    1.101746] i8042: PNP: PS/2 Controller [PNP0303:PS2K,PNP0f03:PS2M] at 0x60,0x64 irq 1,12
[    1.104666] serio: i8042 KBD port at 0x60,0x64 irq 1
[    1.106235] serio: i8042 AUX port at 0x60,0x64 irq 12
[    1.107971] mousedev: PS/2 mouse device common for all mice
[    1.110320] input: AT Translated Set 2 keyboard as /devices/platform/i8042/serio0/input/input2
[    1.112642] rtc_cmos rtc_cmos: rtc core: registered rtc_cmos as rtc0
[    1.114529] rtc_cmos rtc_cmos: alarms up to one day, 114 bytes nvram
[    1.116415] i2c /dev entries driver
[    1.117590] device-mapper: uevent: version 1.0.3
[    1.118909] device-mapper: ioctl: 4.37.0-ioctl (2017-09-20) initialised: dm-devel@redhat.com
[    1.121414] ledtrig-cpu: registered to indicate activity on CPUs
[    1.122909] NET: Registered protocol family 10
[    1.127164] Segment Routing with IPv6
[    1.128331] NET: Registered protocol family 17
[    1.129769] Key type dns_resolver registered
[    1.130778] mce: Using 0 MCE banks
[    1.131461] RAS: Correctable Errors collector initialized.
[    1.133077] sched_clock: Marking stable (1133060304, 0)->(1476514636, -343454332)
[    1.135840] registered taskstats version 1
[    1.137041] Loading compiled-in X.509 certificates
[    1.140649] Loaded X.509 cert 'Build time autogenerated kernel key: 1859b0531897959199376c446a0bd70df75fd1fc'
[    1.143537] zswap: loaded using pool lzo/zbud
[    1.148386] Key type big_key registered
[    1.149236] Key type trusted registered
[    1.151989] Key type encrypted registered
[    1.152915] AppArmor: AppArmor sha1 policy hashing enabled
[    1.154027] ima: No TPM chip found, activating TPM-bypass! (rc=-19)
[    1.155352] ima: Allocated hash algorithm: sha1
[    1.156281] evm: HMAC attrs: 0x1
[    1.157240]   Magic number: 11:243:960
[    1.158181] rtc_cmos rtc_cmos: setting system clock to 2019-11-25 23:56:19 UTC (1574726179)
[    1.160134] BIOS EDD facility v0.16 2004-Jun-25, 0 devices found
[    1.161328] EDD information not available.
[    1.255359] Freeing unused kernel image memory: 2432K
[    1.273693] Write protecting the kernel read-only data: 20480k
[    1.280470] Freeing unused kernel image memory: 2008K
[    1.285686] Freeing unused kernel image memory: 1880K
[    1.321427] x86/mm: Checked W+X mappings: passed, no W+X pages found.
[    1.325901] x86/mm: Checking user space page tables
[    1.354904] x86/mm: Checked W+X mappings: passed, no W+X pages found.
Loading, please wait...
starting version 237
[    1.625314] Fusion MPT base driver 3.04.20
[    1.630457] Copyright (c) 1999-2008 LSI Corporation
[    1.654060] e1000: Intel(R) PRO/1000 Network Driver - version 7.3.21-k8-NAPI
[    1.659018] e1000: Copyright (c) 1999-2006 Intel Corporation.
[    1.702853] AVX2 version of gcm_enc/dec engaged.
[    1.707515] AES CTR mode by8 optimization enabled
[    1.715322] Fusion MPT SPI Host driver 3.04.20
[    1.744076] vboxvideo: loading out-of-tree module taints kernel.
[    1.755954] vboxvideo: module verification failed: signature and/or required key missing - tainting kernel
[    1.896409] input: ImExPS/2 Generic Explorer Mouse as /devices/platform/i8042/serio1/input/input4
[    2.140114] e1000 0000:00:03.0 eth0: (PCI:33MHz:32-bit) 02:51:75:a4:93:2b
[    2.145262] e1000 0000:00:03.0 eth0: Intel(R) PRO/1000 Network Connection
[    2.154379] mptbase: ioc0: Initiating bringup
[    2.162340] e1000 0000:00:03.0 enp0s3: renamed from eth0
[    2.302945] ioc0: LSI53C1030 A0: Capabilities={Initiator}
[    3.416023] scsi host2: ioc0: LSI53C1030 A0, FwRev=00000000h, Ports=1, MaxQ=256, IRQ=20
[    3.827140] scsi 2:0:0:0: Direct-Access     VBOX     HARDDISK         1.0  PQ: 0 ANSI: 5
[    3.831606] [drm] VRAM 01000000
[    3.844916] [TTM] Zone  kernel: Available graphics memory: 504472 kiB
[    3.853578] [TTM] Initializing pool allocator
[    3.860520] [TTM] Initializing DMA pool allocator
[    3.871926] fbcon: vboxdrmfb (fb0) is primary device
[    3.878681] Console: switching to colour frame buffer device 100x37
[    3.884274] scsi target2:0:0: Beginning Domain Validation
[    3.885069] vboxvideo 0000:00:02.0: fb0: vboxdrmfb frame buffer device
[    3.891111] scsi target2:0:0: Domain Validation skipping write tests
[    3.896201] scsi target2:0:0: Ending Domain Validation
[    3.898559] scsi target2:0:0: asynchronous
[    3.901296] scsi 2:0:1:0: Direct-Access     VBOX     HARDDISK         1.0  PQ: 0 ANSI: 5
[    3.904087] [drm] Initialized vboxvideo 1.0.0 20130823 for 0000:00:02.0 on minor 0
[    3.943208] scsi target2:0:1: Beginning Domain Validation
[    3.947517] random: fast init done
[    3.949953] scsi target2:0:1: Domain Validation skipping write tests
[    3.951755] scsi target2:0:1: Ending Domain Validation
[    3.953511] scsi target2:0:1: asynchronous
[    3.962878] random: systemd-udevd: uninitialized urandom read (16 bytes read)
[    3.965088] random: systemd-udevd: uninitialized urandom read (16 bytes read)
[    3.967256] random: systemd-udevd: uninitialized urandom read (16 bytes read)
[    3.970265] sd 2:0:0:0: Attached scsi generic sg0 type 0
[    3.972420] sd 2:0:0:0: [sda] 20971520 512-byte logical blocks: (10.7 GB/10.0 GiB)
[    3.975118] sd 2:0:1:0: Attached scsi generic sg1 type 0
[    3.975207] sd 2:0:0:0: [sda] Write Protect is off
[    3.988715] sd 2:0:1:0: [sdb] 20480 512-byte logical blocks: (10.5 MB/10.0 MiB)
[    3.991307] sd 2:0:0:0: [sda] Incomplete mode parameter data
[    3.993549] sd 2:0:0:0: [sda] Assuming drive cache: write through
[    3.996272] sd 2:0:1:0: [sdb] Write Protect is off
[    3.998654] sd 2:0:1:0: [sdb] Incomplete mode parameter data
[    4.000379]  sda: sda1
[    4.001098] sd 2:0:1:0: [sdb] Assuming drive cache: write through
[    4.003437] sd 2:0:0:0: [sda] Attached SCSI disk
[    4.069034] sd 2:0:1:0: [sdb] Attached SCSI disk
Begin: Loading essential drivers ... [    4.840032] raid6: sse2x1   gen()  3960 MB/s
[    4.888801] raid6: sse2x1   xor()  2880 MB/s
[    4.936577] raid6: sse2x2   gen()  4833 MB/s
[    4.984376] raid6: sse2x2   xor()  3116 MB/s
[    5.036296] raid6: sse2x4   gen()  5161 MB/s
[    5.088833] raid6: sse2x4   xor()  3113 MB/s
[    5.136713] raid6: avx2x1   gen()  6708 MB/s
[    5.188400] raid6: avx2x1   xor()  3246 MB/s
[    5.236212] raid6: avx2x2   gen()  8297 MB/s
[    5.284973] raid6: avx2x2   xor()  6540 MB/s
[    5.336777] raid6: avx2x4   gen() 10909 MB/s
[    5.388463] raid6: avx2x4   xor()  5902 MB/s
[    5.390972] raid6: using algorithm avx2x4 gen() 10909 MB/s
[    5.394078] raid6: .... xor() 5902 MB/s, rmw enabled
[    5.396936] raid6: using avx2x2 recovery algorithm
[    5.402707] xor: automatically using best checksumming function   avx       
[    5.409668] async_tx: api initialized (async)
done.
Begin: Running /scripts/init-premount ... done.
Begin: Mounting root file system ... Begin: Running /scripts/local-top ... done.
Begin: Running /scripts/local-premount ... [    5.534472] Btrfs loaded, crc32c=crc32c-intel
Scanning for Btrfs filesystems
done.
Warning: fsck not present, so skipping root file system
[    6.272187] EXT4-fs (sda1): mounted filesystem with ordered data mode. Opts: (null)
done.
Begin: Running /scripts/local-bottom ... done.
Begin: Running /scripts/init-bottom ... done.
[    7.629884] ip_tables: (C) 2000-2006 Netfilter Core Team
[    7.701028] systemd[1]: systemd 237 running in system mode. (+PAM +AUDIT +SELINUX +IMA +APPARMOR +SMACK +SYSVINIT +UTMP +LIBCRYPTSETUP +GCRYPT +GNUTLS +ACL +XZ +LZ4 +SECCOMP +BLKID +ELFUTILS +KMOD -IDN2 +IDN -PCRE2 default-hierarchy=hybrid)
[    7.726823] systemd[1]: Detected virtualization oracle.
[    7.733335] systemd[1]: Detected architecture x86-64.

Welcome to [1mUbuntu 18.04.3 LTS[0m!

[    7.784171] systemd[1]: Set hostname to <utn-devops>.
[    7.908647] random: crng init done
[    7.915623] random: 7 urandom warning(s) missed due to ratelimiting
[    8.073662] systemd-fstab-generator[381]: Failed to create unit file /run/systemd/generator/swapdir-swapfile.swap, as it already exists. Duplicate entry in /etc/fstab?
[    8.958314] systemd[373]: /lib/systemd/system-generators/systemd-fstab-generator failed with exit status 1.
[    9.758103] systemd[1]: Reached target User and Group Name Lookups.
[[0;32m  OK  [0m] Reached target User and Group Name Lookups.
[    9.782776] systemd[1]: Created slice System Slice.
[[0;32m  OK  [0m] Created slice System Slice.
[    9.792628] systemd[1]: Listening on LVM2 metadata daemon socket.
[[0;32m  OK  [0m] Listening on LVM2 metadata daemon socket.
[    9.803485] systemd[1]: Listening on Syslog Socket.
[[0;32m  OK  [0m] Listening on Syslog Socket.
[    9.814343] systemd[1]: Created slice system-serial\x2dgetty.slice.
[[0;32m  OK  [0m] Created slice system-serial\x2dgetty.slice.
[[0;32m  OK  [0m] Listening on udev Control Socket.
[[0;32m  OK  [0m] Listening on LVM2 poll daemon socket.
[[0;32m  OK  [0m] Created slice User and Session Slice.
[[0;32m  OK  [0m] Listening on Journal Audit Socket.
[[0;32m  OK  [0m] Listening on Journal Socket (/dev/log).
[[0;32m  OK  [0m] Listening on /dev/initctl Compatibility Named Pipe.
[[0;32m  OK  [0m] Started Forward Password Requests to Wall Directory Watch.
[[0;32m  OK  [0m] Listening on Device-mapper event daemon FIFOs.
[[0;32m  OK  [0m] Reached target System Time Synchronized.
[[0;32m  OK  [0m] Listening on udev Kernel Socket.
[[0;32m  OK  [0m] Set up automount Arbitrary Executab…rmats File System Automount Point.
[[0;32m  OK  [0m] Listening on Network Service Netlink Socket.
[[0;32m  OK  [0m] Reached target Slices.
[[0;32m  OK  [0m] Listening on Journal Socket.
         Starting Remount Root and Kernel File Systems...
         Starting Set the console keyboard layout...
         Mounting POSIX Message Queue File System...
[    9.985204] EXT4-fs (sda1): re-mounted. Opts: (null)
         Mounting Kernel Debug File System...
         Starting Create list of required st…ce nodes for the current kernel...
         Starting Uncomplicated firewall...
         Starting Monitoring of LVM2 mirrors…ng dmeventd or progress polling...
         Mounting Huge Pages File System...
         Starting udev Coldplug all Devices...
         Starting Journal Service...
         Starting Load Kernel Modules...
[[0;32m  OK  [0m] Started Journal Service.
[[0;32m  OK  [0m] Started Remount Root and Kernel File Systems.
[[0;32m  OK  [0m] Mounted POSIX Message Queue File System.
[[0;32m  OK  [0m] Mounted Kernel Debug File System.
[[0;32m  OK  [0m] Started Create list of required sta…vice nodes for the current kernel.
[[0;32m  OK  [0m] Started Uncomplicated firewall.
[[0;32m  OK  [0m] Mounted Huge Pages File System.
         Starting Create Static Device Nodes in /dev...
         Activating swap /swapdir/swapfile...
         Starting Load/Save Random Seed...
[   10.374821] Loading iSCSI transport class v2.0-870.
         Starting Flush Journal to Persistent Storage...
[[0;32m  OK  [0m] Started Set the console keyboard layout.
[[0;32m  OK  [0m] Started udev Coldplug all Devices.
[   10.443808] iscsi: registered transport (tcp)
[[0;32m  OK  [0m] Started Load/Save Random Seed.
[[0;32m  OK  [0m] Started LVM2 metadata daemon.
[   10.474127] Adding 1999996k swap on /swapdir/swapfile.  Priority:-2 extents:6 across:2278524k FS
[[0;32m  OK  [0m] Activated swap /swapdir/swapfile.
[[0;32m  OK  [0m] Reached target Swap.
[   10.547757] systemd-journald[414]: Received request to flush runtime journal from PID 1
[   10.564817] iscsi: registered transport (iser)
[[0;32m  OK  [0m] Started Load Kernel Modules.
         Mounting FUSE Control File System...
         Mounting Kernel Configuration File System...
         Starting Apply Kernel Variables...
[[0;32m  OK  [0m] Mounted FUSE Control File System.
[[0;32m  OK  [0m] Mounted Kernel Configuration File System.
[[0;32m  OK  [0m] Started Create Static Device Nodes in /dev.
         Starting udev Kernel Device Manager...
[[0;32m  OK  [0m] Started Monitoring of LVM2 mirrors,…sing dmeventd or progress polling.
[[0;32m  OK  [0m] Reached target Local File Systems (Pre).
[[0;32m  OK  [0m] Reached target Local File Systems.
         Starting Tell Plymouth To Write Out Runtime Data...
         Starting Set console font and keymap...
         Starting ebtables ruleset management...
         Starting AppArmor initialization...
[[0;32m  OK  [0m] Started Apply Kernel Variables.
[[0;32m  OK  [0m] Started Tell Plymouth To Write Out Runtime Data.
[[0;32m  OK  [0m] Started Set console font and keymap.
[[0;32m  OK  [0m] Started udev Kernel Device Manager.
[[0;32m  OK  [0m] Started Dispatch Password Requests to Console Directory Watch.
[[0;32m  OK  [0m] Reached target Local Encrypted Volumes.
[[0;32m  OK  [0m] Found device /dev/ttyS0.
[[0;32m  OK  [0m] Started ebtables ruleset management.
[[0;32m  OK  [0m] Listening on Load/Save RF Kill Switch Status /dev/rfkill Watch.
[[0;32m  OK  [0m] Started Flush Journal to Persistent Storage.
         Starting Create Volatile Files and Directories...
[[0;32m  OK  [0m] Started Create Volatile Files and Directories.
         Starting Update UTMP about System Boot/Shutdown...
[[0;32m  OK  [0m] Started Update UTMP about System Boot/Shutdown.
[[0;32m  OK  [0m] Started AppArmor initialization.
         Starting Initial cloud-init job (pre-networking)...
[   21.670961] cloud-init[619]: Cloud-init v. 19.2-36-g059d049c-0ubuntu2~18.04.1 running 'init-local' at Mon, 25 Nov 2019 23:56:38 +0000. Up 20.44 seconds.
[[0;32m  OK  [0m] Started Initial cloud-init job (pre-networking).
[[0;32m  OK  [0m] Reached target Network (Pre).
         Starting Network Service...
[[0;32m  OK  [0m] Started Network Service.
         Starting Wait for Network to be Configured...
         Starting Network Name Resolution...
[[0;32m  OK  [0m] Started Network Name Resolution.
[[0;32m  OK  [0m] Reached target Host and Network Name Lookups.
[[0;32m  OK  [0m] Reached target Network.
[[0;32m  OK  [0m] Started Wait for Network to be Configured.
         Starting Initial cloud-init job (metadata service crawler)...
[   24.950679] cloud-init[716]: Cloud-init v. 19.2-36-g059d049c-0ubuntu2~18.04.1 running 'init' at Mon, 25 Nov 2019 23:56:42 +0000. Up 24.27 seconds.
[   24.960834] cloud-init[716]: ci-info: ++++++++++++++++++++++++++++++++++++++Net device info++++++++++++++++++++++++++++++++++++++
[   24.980499] cloud-init[716]: ci-info: +--------+------+----------------------------+---------------+--------+-------------------+
[   24.985574] cloud-init[716]: ci-info: | Device |  Up  |          Address           |      Mask     | Scope  |     Hw-Address    |
[   24.988697] cloud-init[716]: ci-info: +--------+------+----------------------------+---------------+--------+-------------------+
[   24.991803] cloud-init[716]: ci-info: | enp0s3 | True |         10.0.2.15          | 255.255.255.0 | global | 02:51:75:a4:93:2b |
[   25.011739] cloud-init[716]: ci-info: | enp0s3 | True | fe80::51:75ff:fea4:932b/64 |       .       |  link  | 02:51:75:a4:93:2b |
[   25.015569] cloud-init[716]: ci-info: |   lo   | True |         127.0.0.1          |   255.0.0.0   |  host  |         .         |
[   25.019614] cloud-init[716]: ci-info: |   lo   | True |          ::1/128           |       .       |  host  |         .         |
[   25.022670] cloud-init[716]: ci-info: +--------+------+----------------------------+---------------+--------+-------------------+
[   25.027149] cloud-init[716]: ci-info: ++++++++++++++++++++++++++++Route IPv4 info+++++++++++++++++++++++++++++
[   25.029970] cloud-init[716]: ci-info: +-------+-------------+----------+-----------------+-----------+-------+
[   25.032614] cloud-init[716]: ci-info: | Route | Destination | Gateway  |     Genmask     | Interface | Flags |
[   25.035543] cloud-init[716]: ci-info: +-------+-------------+----------+-----------------+-----------+-------+
[   25.038109] cloud-init[716]: ci-info: |   0   |   0.0.0.0   | 10.0.2.2 |     0.0.0.0     |   enp0s3  |   UG  |
[   25.040688] cloud-init[716]: ci-info: |   1   |   10.0.2.0  | 0.0.0.0  |  255.255.255.0  |   enp0s3  |   U   |
[   25.043307] cloud-init[716]: ci-info: |   2   |   10.0.2.2  | 0.0.0.0  | 255.255.255.255 |   enp0s3  |   UH  |
[   25.046716] cloud-init[716]: ci-info: +-------+-------------+----------+-----------------+-----------+-------+
[   25.050042] cloud-init[716]: ci-info: +++++++++++++++++++Route IPv6 info+++++++++++++++++++
[   25.052285] cloud-init[716]: ci-info: +-------+-------------+---------+-----------+-------+
[   25.054535] cloud-init[716]: ci-info: | Route | Destination | Gateway | Interface | Flags |
[   25.056773] cloud-init[716]: ci-info: +-------+-------------+---------+-----------+-------+
[   25.058566] cloud-init[716]: ci-info: |   1   |  fe80::/64  |    ::   |   enp0s3  |   U   |
[   25.060880] cloud-init[716]: ci-info: |   3   |    local    |    ::   |   enp0s3  |   U   |
[   25.062582] cloud-init[716]: ci-info: |   4   |   ff00::/8  |    ::   |   enp0s3  |   U   |
[   25.086231] cloud-init[716]: ci-info: +-------+-------------+---------+-----------+-------+
[[0;32m  OK  [0m] Started Initial cloud-init job (metadata service crawler).
[[0;32m  OK  [0m] Reached target Cloud-config availability.
[[0;32m  OK  [0m] Reached target System Initialization.
[[0;32m  OK  [0m] Listening on UUID daemon activation socket.
[[0;32m  OK  [0m] Started Discard unused blocks once a week.
[[0;32m  OK  [0m] Listening on Open-iSCSI iscsid Socket.
[[0;32m  OK  [0m] Started Daily Cleanup of Temporary Directories.
[[0;32m  OK  [0m] Started Message of the Day.
[[0;32m  OK  [0m] Started ACPI Events Check.
[[0;32m  OK  [0m] Reached target Paths.
[[0;32m  OK  [0m] Started Daily apt download activities.
[[0;32m  OK  [0m] Started Daily apt upgrade and clean activities.
[[0;32m  OK  [0m] Listening on D-Bus System Message Bus Socket.
         Starting Docker Socket for the API.
[[0;32m  OK  [0m] Reached target Timers.
         Starting Socket activation for snappy daemon.
         Starting LXD - unix socket.
[[0;32m  OK  [0m] Listening on ACPID Listen Socket.
[[0;32m  OK  [0m] Reached target Network is Online.
         Starting Availability of block devices...
[[0;32m  OK  [0m] Reached target Remote File Systems (Pre).
[[0;32m  OK  [0m] Reached target Remote File Systems.
[[0;32m  OK  [0m] Listening on Docker Socket for the API.
[[0;32m  OK  [0m] Listening on Socket activation for snappy daemon.
[[0;32m  OK  [0m] Listening on LXD - unix socket.
[[0;32m  OK  [0m] Started Availability of block devices.
[[0;32m  OK  [0m] Reached target Sockets.
[[0;32m  OK  [0m] Reached target Basic System.
         Starting LXD - container startup/shutdown...
[[0;32m  OK  [0m] Started FUSE filesystem for LXC.
[[0;32m  OK  [0m] Started Regular background program processing daemon.
         Starting Dispatcher daemon for systemd-networkd...
[[0;32m  OK  [0m] Started Deferred execution scheduler.
         Starting Accounts Service...
         Starting vboxadd.service...
         Starting OpenBSD Secure Shell server...
         Starting Permit User Sessions...
         Starting containerd container runtime...
         Starting Login Service...
[[0;32m  OK  [0m] Started D-Bus System Message Bus.
         Starting LSB: automatic crash report generation...
         Starting Snappy daemon...
         Starting System Logging Service...
         Starting LSB: Record successful boot for GRUB...
[[0;32m  OK  [0m] Started irqbalance daemon.
[[0;32m  OK  [0m] Started Permit User Sessions.
[[0;32m  OK  [0m] Started containerd container runtime.
[[0;32m  OK  [0m] Started Login Service.
[[0;32m  OK  [0m] Started Unattended Upgrades Shutdown.
         Starting Docker Application Container Engine...
         Starting Terminate Plymouth Boot Screen...
         Starting Hold until boot process finishes up...
[[0;32m  OK  [0m] Started OpenBSD Secure Shell server.
[[0;32m  OK  [0m] Started Terminate Plymouth Boot Screen.
[[0;32m  OK  [0m] Started Hold until boot process finishes up.
         Starting Set console scheme...
[[0;32m  OK  [0m] Started Serial Getty on ttyS0.
         Starting Authorization Manager...
[[0;32m  OK  [0m] Started LSB: automatic crash report generation.
[[0;32m  OK  [0m] Started Set console scheme.
[[0;32m  OK  [0m] Created slice system-getty.slice.
[[0;32m  OK  [0m] Started Getty on tty1.
[[0;32m  OK  [0m] Reached target Login Prompts.
[[0;32m  OK  [0m] Started Dispatcher daemon for systemd-networkd.
[[0;32m  OK  [0m] Started System Logging Service.
[[0;32m  OK  [0m] Started LSB: Record successful boot for GRUB.
[[0;32m  OK  [0m] Started Authorization Manager.
[[0;32m  OK  [0m] Started Accounts Service.
[[0;32m  OK  [0m] Created slice User Slice of vagrant.
         Starting User Manager for UID 1000...
[[0;32m  OK  [0m] Started Session 1 of user vagrant.
[[0;32m  OK  [0m] Started LXD - container startup/shutdown.

Ubuntu 18.04.3 LTS utn-devops ttyS0

utn-devops login: [   39.938598] cloud-init[1254]: Cloud-init v. 19.2-36-g059d049c-0ubuntu2~18.04.1 running 'modules:config' at Mon, 25 Nov 2019 23:56:57 +0000. Up 39.08 seconds.
[   55.575253] cloud-init[1895]: Cloud-init v. 19.2-36-g059d049c-0ubuntu2~18.04.1 running 'modules:final' at Mon, 25 Nov 2019 23:57:13 +0000. Up 55.01 seconds.
[   55.592956] cloud-init[1895]: Cloud-init v. 19.2-36-g059d049c-0ubuntu2~18.04.1 finished at Mon, 25 Nov 2019 23:57:13 +0000. Datasource DataSourceNoCloud [seed=/dev/sdb][dsmode=net].  Up 55.53 seconds
